app/build/outputs/mapping/prod/release/seeds.txt
pl.srw.billcalculator.AboutActivity
pl.srw.billcalculator.AboutActivity: android.widget.TextView tvVersion
pl.srw.billcalculator.AboutActivity: android.widget.TextView tvLinkEmail
pl.srw.billcalculator.AboutActivity: android.widget.TextView tvLinkGPlus
pl.srw.billcalculator.AboutActivity: AboutActivity()
pl.srw.billcalculator.AboutActivity$$ViewInjector
pl.srw.billcalculator.AboutActivity$$ViewInjector: AboutActivity$$ViewInjector()
pl.srw.billcalculator.AboutActivity$$ViewInjector: void inject(butterknife.ButterKnife$Finder,pl.srw.billcalculator.AboutActivity,java.lang.Object)
pl.srw.billcalculator.AboutActivity$$ViewInjector: void reset(pl.srw.billcalculator.AboutActivity)
pl.srw.billcalculator.AboutActivity$$ViewInjector: void reset(java.lang.Object)
pl.srw.billcalculator.AboutActivity$$ViewInjector: void inject(butterknife.ButterKnife$Finder,java.lang.Object,java.lang.Object)
pl.srw.billcalculator.AboutActivity$$ViewInjector$1
pl.srw.billcalculator.AboutActivity$$ViewInjector$2
pl.srw.billcalculator.AnalyticsWrapper
pl.srw.billcalculator.BackableActivity
pl.srw.billcalculator.BackableActivity: BackableActivity()
pl.srw.billcalculator.BillCalculator
pl.srw.billcalculator.BillCalculator: BillCalculator()
pl.srw.billcalculator.BuildConfig
pl.srw.billcalculator.R
pl.srw.billcalculator.R$anim
pl.srw.billcalculator.R$anim: int abc_fade_in
pl.srw.billcalculator.R$anim: int abc_fade_out
pl.srw.billcalculator.R$anim: int abc_grow_fade_in_from_bottom
pl.srw.billcalculator.R$anim: int abc_popup_enter
pl.srw.billcalculator.R$anim: int abc_popup_exit
pl.srw.billcalculator.R$anim: int abc_shrink_fade_out_from_bottom
pl.srw.billcalculator.R$anim: int abc_slide_in_bottom
pl.srw.billcalculator.R$anim: int abc_slide_in_top
pl.srw.billcalculator.R$anim: int abc_slide_out_bottom
pl.srw.billcalculator.R$anim: int abc_slide_out_top
pl.srw.billcalculator.R$animator
pl.srw.billcalculator.R$animator: int card_flip_left_in
pl.srw.billcalculator.R$animator: int card_flip_right_out
pl.srw.billcalculator.R$animator: int come_closer
pl.srw.billcalculator.R$array
pl.srw.billcalculator.R$array: int energy_tariff_picks
pl.srw.billcalculator.R$array: int preferences_energy_tariff_values
pl.srw.billcalculator.R$attr
pl.srw.billcalculator.R$attr: int actionBarDivider
pl.srw.billcalculator.R$attr: int actionBarItemBackground
pl.srw.billcalculator.R$attr: int actionBarPopupTheme
pl.srw.billcalculator.R$attr: int actionBarSize
pl.srw.billcalculator.R$attr: int actionBarSplitStyle
pl.srw.billcalculator.R$attr: int actionBarStyle
pl.srw.billcalculator.R$attr: int actionBarTabBarStyle
pl.srw.billcalculator.R$attr: int actionBarTabStyle
pl.srw.billcalculator.R$attr: int actionBarTabTextStyle
pl.srw.billcalculator.R$attr: int actionBarTheme
pl.srw.billcalculator.R$attr: int actionBarWidgetTheme
pl.srw.billcalculator.R$attr: int actionButtonStyle
pl.srw.billcalculator.R$attr: int actionDropDownStyle
pl.srw.billcalculator.R$attr: int actionLayout
pl.srw.billcalculator.R$attr: int actionMenuTextAppearance
pl.srw.billcalculator.R$attr: int actionMenuTextColor
pl.srw.billcalculator.R$attr: int actionModeBackground
pl.srw.billcalculator.R$attr: int actionModeCloseButtonStyle
pl.srw.billcalculator.R$attr: int actionModeCloseDrawable
pl.srw.billcalculator.R$attr: int actionModeCopyDrawable
pl.srw.billcalculator.R$attr: int actionModeCutDrawable
pl.srw.billcalculator.R$attr: int actionModeFindDrawable
pl.srw.billcalculator.R$attr: int actionModePasteDrawable
pl.srw.billcalculator.R$attr: int actionModePopupWindowStyle
pl.srw.billcalculator.R$attr: int actionModeSelectAllDrawable
pl.srw.billcalculator.R$attr: int actionModeShareDrawable
...
android.support.v7.util.SortedList
android.support.v7.util.SortedList$BatchedCallback
android.support.v7.util.SortedList$Callback
android.support.v7.util.ThreadUtil
android.support.v7.util.ThreadUtil$BackgroundCallback
android.support.v7.util.ThreadUtil$MainThreadCallback
android.support.v7.util.TileList
android.support.v7.util.TileList$Tile
android.support.v7.view.ActionBarPolicy
android.support.v7.view.ActionMode
android.support.v7.view.ActionMode$Callback
android.support.v7.view.CollapsibleActionView
android.support.v7.view.ContextThemeWrapper
android.support.v7.view.StandaloneActionMode
android.support.v7.view.SupportActionModeWrapper
android.support.v7.view.SupportActionModeWrapper$CallbackWrapper
android.support.v7.view.SupportMenuInflater
android.support.v7.view.SupportMenuInflater$InflatedOnMenuItemClickListener
android.support.v7.view.SupportMenuInflater$MenuState
android.support.v7.view.ViewPropertyAnimatorCompatSet
android.support.v7.view.ViewPropertyAnimatorCompatSet$1
android.support.v7.view.WindowCallbackWrapper
android.support.v7.view.menu.ActionMenuItem
android.support.v7.view.menu.ActionMenuItemView
android.support.v7.view.menu.ActionMenuItemView: ActionMenuItemView(android.content.Context)
android.support.v7.view.menu.ActionMenuItemView: ActionMenuItemView(android.content.Context,android.util.AttributeSet)
android.support.v7.view.menu.ActionMenuItemView: ActionMenuItemView(android.content.Context,android.util.AttributeSet,int)
android.support.v7.view.menu.ActionMenuItemView: android.support.v7.view.menu.MenuItemImpl getItemData()
android.support.v7.view.menu.ActionMenuItemView: void setItemInvoker(android.support.v7.view.menu.MenuBuilder$ItemInvoker)
android.support.v7.view.menu.ActionMenuItemView: void setPopupCallback(android.support.v7.view.menu.ActionMenuItemView$PopupCallback)
android.support.v7.view.menu.ActionMenuItemView: void setCheckable(boolean)
android.support.v7.view.menu.ActionMenuItemView: void setChecked(boolean)
android.support.v7.view.menu.ActionMenuItemView: void setExpandedFormat(boolean)
android.support.v7.view.menu.ActionMenuItemView: void setIcon(android.graphics.drawable.Drawable)
android.support.v7.view.menu.ActionMenuItemView: void setTitle(java.lang.CharSequence)
android.support.v7.view.menu.ActionMenuItemView$ActionMenuItemForwardingListener
android.support.v7.view.menu.ActionMenuItemView$PopupCallback
android.support.v7.view.menu.BaseMenuPresenter
android.support.v7.view.menu.BaseMenuWrapper
android.support.v7.view.menu.BaseWrapper
android.support.v7.view.menu.ExpandedMenuView
android.support.v7.view.menu.ExpandedMenuView: ExpandedMenuView(android.content.Context,android.util.AttributeSet)
android.support.v7.view.menu.ExpandedMenuView: ExpandedMenuView(android.content.Context,android.util.AttributeSet,int)
android.support.v7.view.menu.ExpandedMenuView: int getWindowAnimations()
android.support.v7.view.menu.ListMenuItemView
android.support.v7.view.menu.ListMenuItemView: ListMenuItemView(android.content.Context,android.util.AttributeSet,int)
android.support.v7.view.menu.ListMenuItemView: ListMenuItemView(android.content.Context,android.util.AttributeSet)
android.support.v7.view.menu.ListMenuItemView: void setForceShowIcon(boolean)
android.support.v7.view.menu.ListMenuItemView: void setTitle(java.lang.CharSequence)
android.support.v7.view.menu.ListMenuItemView: android.support.v7.view.menu.MenuItemImpl getItemData()
android.support.v7.view.menu.ListMenuItemView: void setCheckable(boolean)
android.support.v7.view.menu.ListMenuItemView: void setChecked(boolean)
android.support.v7.view.menu.ListMenuItemView: void setIcon(android.graphics.drawable.Drawable)
android.support.v7.view.menu.ListMenuItemView: android.view.LayoutInflater getInflater()
android.support.v7.view.menu.ListMenuPresenter
android.support.v7.view.menu.ListMenuPresenter$MenuAdapter
android.support.v7.view.menu.MenuBuilder
android.support.v7.view.menu.MenuBuilder$Callback