app/build/outputs/mapping/prod/release/mapping.txt
pl.srw.billcalculator.AboutActivity -> pl.srw.billcalculator.AboutActivity:
    android.widget.TextView tvVersion -> a
    android.widget.TextView tvLinkEmail -> b
    android.widget.TextView tvLinkGPlus -> c
    20:20:void <init>() -> <init>
    31:36:void onCreate(android.os.Bundle) -> onCreate
    39:42:void setLinks() -> c
    45:47:void setEmailMeLink() -> d
    50:53:void setGPlusLink() -> e
    56:58:void setLicenseLink() -> f
    62:66:java.lang.String getApkVersion() -> g
    71:79:void sendEmail() -> a
    83:84:void closeAboutDialog() -> b
pl.srw.billcalculator.AboutActivity$$ViewInjector -> pl.srw.billcalculator.AboutActivity$$ViewInjector:
    8:8:void <init>() -> <init>
    11:34:void inject(butterknife.ButterKnife$Finder,pl.srw.billcalculator.AboutActivity,java.lang.Object) -> inject
    37:40:void reset(pl.srw.billcalculator.AboutActivity) -> reset
    8:8:void reset(java.lang.Object) -> reset
    8:8:void inject(butterknife.ButterKnife$Finder,java.lang.Object,java.lang.Object) -> inject
pl.srw.billcalculator.AboutActivity$$ViewInjector$1 -> pl.srw.billcalculator.AboutActivity$$ViewInjector$1:
    pl.srw.billcalculator.AboutActivity val$target -> a
    pl.srw.billcalculator.AboutActivity$$ViewInjector this$0 -> b
    16:16:void <init>(pl.srw.billcalculator.AboutActivity$$ViewInjector,pl.srw.billcalculator.AboutActivity) -> <init>
    20:21:void doClick(android.view.View) -> a
pl.srw.billcalculator.AboutActivity$$ViewInjector$2 -> pl.srw.billcalculator.AboutActivity$$ViewInjector$2:
    pl.srw.billcalculator.AboutActivity val$target -> a
    pl.srw.billcalculator.AboutActivity$$ViewInjector this$0 -> b
    27:27:void <init>(pl.srw.billcalculator.AboutActivity$$ViewInjector,pl.srw.billcalculator.AboutActivity) -> <init>
    31:32:void doClick(android.view.View) -> a
pl.srw.billcalculator.AnalyticsWrapper -> pl.srw.billcalculator.AnalyticsWrapper:
    28:31:void initialize(android.content.Context) -> a
    61:64:void log(java.lang.String) -> a
    71:73:void warning(java.lang.String) -> b
    80:83:void error(java.lang.Throwable) -> a
    91:100:void logContent(java.lang.String,java.lang.String[]) -> a
    108:116:void logAction(java.lang.String,java.lang.String[]) -> b
pl.srw.billcalculator.BackableActivity -> pl.srw.billcalculator.BackableActivity:
    12:12:void <init>() -> <init>
    16:22:void onCreate(android.os.Bundle) -> onCreate
    26:30:boolean onOptionsItemSelected(android.view.MenuItem) -> onOptionsItemSelected
pl.srw.billcalculator.BillCalculator -> pl.srw.billcalculator.BillCalculator:
    android.content.Context context -> a
    15:15:void <init>() -> <init>
    22:33:void onCreate() -> onCreate
pl.srw.billcalculator.bill.SavedBillsRegistry -> pl.srw.billcalculator.bill.SavedBillsRegistry:
    pl.srw.billcalculator.bill.SavedBillsRegistry INSTANCE -> a
    android.support.v4.util.SimpleArrayMap registry -> b
    31:33:void <init>() -> <init>
    36:36:pl.srw.billcalculator.bill.SavedBillsRegistry getInstance() -> a
    42:61:java.lang.String register(pl.srw.billcalculator.db.Bill) -> a
    65:65:java.lang.String getIdentifier(pl.srw.billcalculator.type.Provider,int,int,java.lang.String,java.lang.String,pl.srw.billcalculator.db.Prices) -> a
    70:73:java.lang.String getIdentifier(pl.srw.billcalculator.type.Provider,int,int,int,int,java.lang.String,java.lang.String,pl.srw.billcalculator.db.Prices) -> a
    77:84:java.lang.Long getId(pl.srw.billcalculator.type.Provider,int,int,int,int,java.lang.String,java.lang.String,pl.srw.billcalculator.db.Prices) -> b
    88:88:java.lang.String getKey(pl.srw.billcalculator.type.Provider,int,int,int,int,java.lang.String,java.lang.String,pl.srw.billcalculator.db.Prices) -> c
    101:135:java.lang.String getKey(pl.srw.billcalculator.db.Prices) -> a
    28:28:void <clinit>() -> <clinit>
...
android.support.v7.widget.AppCompatTextHelperV17 -> android.support.v7.widget.AppCompatTextHelperV17:
    int[] VIEW_ATTRS_v17 -> b
    android.support.v7.widget.TintInfo mDrawableStartTint -> c
    android.support.v7.widget.TintInfo mDrawableEndTint -> d
    34:35:void <init>(android.widget.TextView) -> <init>
    38:51:void loadFromAttributes(android.util.AttributeSet,int) -> a
    55:62:void applyCompoundDrawablesTints() -> a
    27:27:void <clinit>() -> <clinit>
android.support.v7.widget.AppCompatTextView -> android.support.v7.widget.AppCompatTextView:
    android.support.v7.widget.TintManager mTintManager -> a
    android.support.v7.widget.AppCompatBackgroundHelper mBackgroundTintHelper -> b
    android.support.v7.widget.AppCompatTextHelper mTextHelper -> c
    52:53:void <init>(android.content.Context) -> <init>
    56:57:void <init>(android.content.Context,android.util.AttributeSet) -> <init>
    60:69:void <init>(android.content.Context,android.util.AttributeSet,int) -> <init>
    73:77:void setBackgroundResource(int) -> setBackgroundResource
    81:85:void setBackgroundDrawable(android.graphics.drawable.Drawable) -> setBackgroundDrawable
    95:98:void setSupportBackgroundTintList(android.content.res.ColorStateList) -> setSupportBackgroundTintList
    109:109:android.content.res.ColorStateList getSupportBackgroundTintList() -> getSupportBackgroundTintList
    121:124:void setSupportBackgroundTintMode(android.graphics.PorterDuff$Mode) -> setSupportBackgroundTintMode
    135:135:android.graphics.PorterDuff$Mode getSupportBackgroundTintMode() -> getSupportBackgroundTintMode
    141:145:void setTextAppearance(android.content.Context,int) -> setTextAppearance
    149:156:void drawableStateChanged() -> drawableStateChanged
android.support.v7.widget.ButtonBarLayout -> android.support.v7.widget.ButtonBarLayout:
    boolean mAllowStacking -> a
    int mLastWidthSize -> b
    36:43:void <init>(android.content.Context,android.util.AttributeSet) -> <init>
    46:53:void setAllowStacking(boolean) -> setAllowStacking
    57:90:void onMeasure(int,int) -> onMeasure
    93:105:void setStacked(boolean) -> setStacked
    108:108:boolean isStacked() -> a
android.support.v7.widget.ChildHelper -> android.support.v7.widget.ChildHelper:
    android.support.v7.widget.ChildHelper$Callback mCallback -> a
    android.support.v7.widget.ChildHelper$Bucket mBucket -> b
    java.util.List mHiddenViews -> c
    48:52:void <init>(android.support.v7.widget.ChildHelper$Callback) -> <init>
    60:62:void hideViewInternal(android.view.View) -> g
    70:74:boolean unhideViewInternal(android.view.View) -> h
    85:86:void addView(android.view.View,boolean) -> a
    98:111:void addView(android.view.View,int,boolean) -> a
    114:131:int getOffset(int) -> e
    140:151:void removeView(android.view.View) -> a
    160:172:void removeViewAt(int) -> a
    180:181:android.view.View getChildAt(int) -> b
    188:197:void removeAllViewsUnfiltered() -> a
    207:216:android.view.View findHiddenNonRemovedView(int,int) -> a
    230:244:void attachViewToParent(android.view.View,int,android.view.ViewGroup$LayoutParams,boolean) -> a
    253:253:int getChildCount() -> b
    263:263:int getUnfilteredChildCount() -> c
    273:273:android.view.View getUnfilteredChildAt(int) -> c
    282:288:void detachViewFromParent(int) -> d
    297:309:int indexOfChild(android.view.View) -> b
    319:319:boolean isHidden(android.view.View) -> c
    328:340:void hide(android.view.View) -> d
    350:359:void unhide(android.view.View) -> e
    363:363:java.lang.String toString() -> toString
    373:389:boolean removeViewIfHidden(android.view.View) -> f