app/build/outputs/mapping/prod/release/usage.txt
pl.srw.billcalculator.AboutActivity:
    private static final java.lang.String RECEIVER_EMAIL
    private static final java.lang.String BETA_HTTP
pl.srw.billcalculator.AnalyticsWrapper:
    public static final java.lang.String TAG
    public static final boolean ENABLED
    21:21:public AnalyticsWrapper()
    41:42:public static void setInt(java.lang.String,int)
    52:53:public static void setString(java.lang.String,java.lang.String)
pl.srw.billcalculator.BuildConfig
pl.srw.billcalculator.R
pl.srw.billcalculator.R$anim
pl.srw.billcalculator.R$animator
pl.srw.billcalculator.R$array
pl.srw.billcalculator.R$attr
pl.srw.billcalculator.R$bool
pl.srw.billcalculator.R$color
pl.srw.billcalculator.R$dimen
pl.srw.billcalculator.R$drawable
pl.srw.billcalculator.R$id
pl.srw.billcalculator.R$integer
pl.srw.billcalculator.R$layout
pl.srw.billcalculator.R$menu
pl.srw.billcalculator.R$mipmap
pl.srw.billcalculator.R$string
pl.srw.billcalculator.R$style
pl.srw.billcalculator.R$styleable
pl.srw.billcalculator.R$xml
pl.srw.billcalculator.bill.activity.BillActivity:
    public static final java.lang.String MIME_APPLICATION_PDF
    public static final java.lang.String MIME_IMAGE
pl.srw.billcalculator.bill.activity.BillActivity$FileExtention
pl.srw.billcalculator.bill.activity.BillActivity$FileType
pl.srw.billcalculator.bill.activity.PgeBillActivity:
    private static final int PRICE_SCALE
pl.srw.billcalculator.bill.activity.PgnigBillActivity:
    private static final java.lang.String DATE_PATTERN
    private static final int PRICE_SCALE
pl.srw.billcalculator.bill.activity.TauronBillActivity:
    private static final java.lang.String DATE_PATTERN
    private static final int PRICE_SCALE
pl.srw.billcalculator.bill.calculation.CalculatedEnergyBill:
    20:20:public java.math.BigDecimal getOplataAbonamentowaVatCharge()
    21:21:public java.math.BigDecimal getOplataPrzejsciowaVatCharge()
    22:22:public java.math.BigDecimal getOplataDystrybucyjnaStalaVatCharge()
pl.srw.billcalculator.bill.calculation.PgeG11CalculatedBill:
    21:21:public java.math.BigDecimal getZaEnergieCzynnaVatCharge()
    22:22:public java.math.BigDecimal getSkladnikJakosciowyVatCharge()
    23:23:public java.math.BigDecimal getOplataSieciowaVatCharge()
pl.srw.billcalculator.bill.calculation.PgeG12CalculatedBill:
    25:25:public java.math.BigDecimal getZaEnergieCzynnaDayVatCharge()
    26:26:public java.math.BigDecimal getSkladnikJakosciowyDayVatCharge()
    27:27:public java.math.BigDecimal getOplataSieciowaDayVatCharge()
    28:28:public java.math.BigDecimal getZaEnergieCzynnaNightVatCharge()
    29:29:public java.math.BigDecimal getSkladnikJakosciowyNightVatCharge()
    30:30:public java.math.BigDecimal getOplataSieciowaNightVatCharge()
pl.srw.billcalculator.bill.calculation.PgnigCalculatedBill:
    27:27:public java.math.BigDecimal getOplataAbonamentowaVatCharge()
    28:28:public java.math.BigDecimal getPaliwoGazoweVatCharge()
    29:29:public java.math.BigDecimal getDystrybucyjnaStalaVatCharge()
    30:30:public java.math.BigDecimal getDystrybucyjnaZmiennaVatCharge()
pl.srw.billcalculator.bill.calculation.TauronG11CalculatedBill:
    20:20:public java.math.BigDecimal getEnergiaElektrycznaVatCharge()
    21:21:public java.math.BigDecimal getOplataDystrybucyjnaZmiennaVatCharge()
pl.srw.billcalculator.bill.calculation.TauronG12CalculatedBill:
    23:23:public java.math.BigDecimal getEnergiaElektrycznaDayVatCharge()
    24:24:public java.math.BigDecimal getOplataDystrybucyjnaZmiennaDayVatCharge()
    25:25:public java.math.BigDecimal getEnergiaElektrycznaNightVatCharge()
    26:26:public java.math.BigDecimal getOplataDystrybucyjnaZmiennaNightVatCharge()
pl.srw.billcalculator.db.Bill:
    public abstract void setDateFrom(java.util.Date)
    public abstract void setDateTo(java.util.Date)
    public abstract void setAmountToPay(java.lang.Double)
...
android.support.v4.content.ExecutorCompatHoneycomb
android.support.v4.content.FileProvider
android.support.v4.content.FileProvider$PathStrategy
android.support.v4.content.FileProvider$SimplePathStrategy
android.support.v4.content.IntentCompat
android.support.v4.content.IntentCompat$IntentCompatImpl
android.support.v4.content.IntentCompat$IntentCompatImplBase
android.support.v4.content.IntentCompat$IntentCompatImplHC
android.support.v4.content.IntentCompat$IntentCompatImplIcsMr1
android.support.v4.content.IntentCompatHoneycomb
android.support.v4.content.IntentCompatIcsMr1
android.support.v4.content.Loader:
    android.content.Context mContext
    39:115:public Loader(android.content.Context)
    125:128:public void deliverResult(java.lang.Object)
    137:140:public void deliverCancellation()
    146:146:public android.content.Context getContext()
    153:153:public int getId()
    226:226:public boolean isStarted()
    235:235:public boolean isAbandoned()
    244:244:public boolean isReset()
    302:302:public boolean cancelLoad()
    317:317:protected boolean onCancelLoad()
    329:330:public void forceLoad()
    337:337:protected void onForceLoad()
    385:387:public void abandon()
    399:399:protected void onAbandon()
    443:446:public boolean takeContentChanged()
    457:458:public void commitContentChanged()
    468:471:public void rollbackContentChanged()
    482:490:public void onContentChanged()
android.support.v4.content.Loader$ForceLoadContentObserver
android.support.v4.content.Loader$OnLoadCanceledListener:
    public abstract void onLoadCanceled(android.support.v4.content.Loader)
android.support.v4.content.Loader$OnLoadCompleteListener:
    public abstract void onLoadComplete(android.support.v4.content.Loader,java.lang.Object)
android.support.v4.content.LocalBroadcastManager
android.support.v4.content.LocalBroadcastManager$1
android.support.v4.content.LocalBroadcastManager$BroadcastRecord
android.support.v4.content.LocalBroadcastManager$ReceiverRecord
android.support.v4.content.ModernAsyncTask
android.support.v4.content.ModernAsyncTask$1
android.support.v4.content.ModernAsyncTask$2
android.support.v4.content.ModernAsyncTask$3
android.support.v4.content.ModernAsyncTask$4
android.support.v4.content.ModernAsyncTask$AsyncTaskResult
android.support.v4.content.ModernAsyncTask$InternalHandler
android.support.v4.content.ModernAsyncTask$Status
android.support.v4.content.ModernAsyncTask$WorkerRunnable
android.support.v4.content.ParallelExecutorCompat
android.support.v4.content.PermissionChecker
android.support.v4.content.PermissionChecker$PermissionResult
android.support.v4.content.SharedPreferencesCompat
android.support.v4.content.SharedPreferencesCompat$1
android.support.v4.content.SharedPreferencesCompat$EditorCompat
android.support.v4.content.SharedPreferencesCompat$EditorCompat$EditorHelperApi9Impl
android.support.v4.content.SharedPreferencesCompat$EditorCompat$EditorHelperBaseImpl
android.support.v4.content.SharedPreferencesCompat$EditorCompat$Helper
android.support.v4.content.WakefulBroadcastReceiver
android.support.v4.content.pm.ActivityInfoCompat
android.support.v4.content.res.ResourcesCompat
android.support.v4.content.res.ResourcesCompatApi21
android.support.v4.content.res.ResourcesCompatApi23
android.support.v4.content.res.ResourcesCompatIcsMr1
android.support.v4.content.res.TypedArrayUtils
android.support.v4.database.DatabaseUtilsCompat
android.support.v4.graphics.BitmapCompat
android.support.v4.graphics.BitmapCompat$BaseBitmapImpl
android.support.v4.graphics.BitmapCompat$BitmapImpl
android.support.v4.graphics.BitmapCompat$HcMr1BitmapCompatImpl
android.support.v4.graphics.BitmapCompat$JbMr2BitmapCompatImpl
android.support.v4.graphics.BitmapCompat$KitKatBitmapCompatImpl
android.support.v4.graphics.BitmapCompatHoneycombMr1
android.support.v4.graphics.BitmapCompatJellybeanMR2
android.support.v4.graphics.BitmapCompatKitKat